<?xml version="1.0" encoding="UTF-8"?>
<testng-results skipped="0" failed="0" ignored="0" total="2" passed="2">
  <reporter-output>
  </reporter-output>
  <suite name="Suite" duration-ms="45479" started-at="2020-08-18T18:10:26 EDT" finished-at="2020-08-18T18:11:12 EDT">
    <groups>
    </groups>
    <test name="Test" duration-ms="45479" started-at="2020-08-18T18:10:26 EDT" finished-at="2020-08-18T18:11:12 EDT">
      <class name="testCases.LoginPageTest">
        <test-method status="PASS" signature="loginApp()[pri:0, instance:testCases.LoginPageTest@7494e528]" name="loginApp" duration-ms="17022" started-at="2020-08-18T18:10:26 EDT" finished-at="2020-08-18T18:10:43 EDT">
          <reporter-output>
          </reporter-output>
        </test-method> <!-- loginApp -->
        <test-method status="PASS" signature="verifyLoginPageTitle()[pri:0, instance:testCases.LoginPageTest@7494e528]" name="verifyLoginPageTitle" duration-ms="28387" started-at="2020-08-18T18:10:43 EDT" finished-at="2020-08-18T18:11:12 EDT">
          <reporter-output>
          </reporter-output>
        </test-method> <!-- verifyLoginPageTitle -->
      </class> <!-- testCases.LoginPageTest -->
    </test> <!-- Test -->
  </suite> <!-- Suite -->
</testng-results>
